# JRE version: OpenJDK Runtime Environment GraalVM CE 22.3.0 (17.0.5+8) (build 17.0.5+8-jvmci-22.3-b08)
# Java VM: OpenJDK 64-Bit Server VM GraalVM CE 22.3.0 (17.0.5+8-jvmci-22.3-b08, mixed mode, sharing, tiered, jvmci, jvmci compiler, compressed oops, compressed class ptrs, parallel gc, linux-amd64)
GC Precious Log:
 CPUs: 8 total, 1 available
 Memory: 1024M
 Large Page Support: Disabled
 NUMA Support: Disabled
 Compressed Oops: Enabled (32-bit)
 Alignments: Space 512K, Generation 512K, Heap 2M
 Heap Min Capacity: 100M
 Heap Initial Capacity: 100M
 Heap Max Capacity: 512M
 Pre-touch: Disabled
 Parallel Workers: 1
Heap:
 PSYoungGen      total 39936K, used 28159K [0x00000000f5580000, 0x00000000fa280000, 0x0000000100000000)
  eden space 28160K, 99% used [0x00000000f5580000,0x00000000f70ffff8,0x00000000f7100000)
  from space 11776K, 0% used [0x00000000f7100000,0x00000000f7100000,0x00000000f7c80000)
  to   space 23040K, 0% used [0x00000000f8c00000,0x00000000f8c00000,0x00000000fa280000)
 ParOldGen       total 349696K, used 349695K [0x00000000e0000000, 0x00000000f5580000, 0x00000000f5580000)
  object space 349696K, 99% used [0x00000000e0000000,0x00000000f557fff0,0x00000000f5580000)
 Metaspace       used 59275K, committed 60352K, reserved 1105920K
  class space    used 5860K, committed 6272K, reserved 1048576K
GC Heap History (20 events):
Event: 656.900 GC heap before
{Heap before GC invocations=562 (full 465):
 PSYoungGen      total 39936K, used 28159K [0x00000000f5580000, 0x00000000fa280000, 0x0000000100000000)
  eden space 28160K, 99% used [0x00000000f5580000,0x00000000f70ffff8,0x00000000f7100000)
  from space 11776K, 0% used [0x00000000f7100000,0x00000000f7100000,0x00000000f7c80000)
  to   space 23040K, 0% used [0x00000000f8c00000,0x00000000f8c00000,0x00000000fa280000)
 ParOldGen       total 349696K, used 349695K [0x00000000e0000000, 0x00000000f5580000, 0x00000000f5580000)
  object space 349696K, 99% used [0x00000000e0000000,0x00000000f557fff8,0x00000000f5580000)
 Metaspace       used 59275K, committed 60352K, reserved 1105920K
  class space    used 5860K, committed 6272K, reserved 1048576K
}
Event: 658.306 GC heap after
{Heap after GC invocations=562 (full 465):
 PSYoungGen      total 51200K, used 28159K [0x00000000f5580000, 0x00000000fa280000, 0x0000000100000000)
  eden space 28160K, 99% used [0x00000000f5580000,0x00000000f70fffd0,0x00000000f7100000)
  from space 23040K, 0% used [0x00000000f8c00000,0x00000000f8c00000,0x00000000fa280000)
  to   space 11776K, 0% used [0x00000000f7100000,0x00000000f7100000,0x00000000f7c80000)
 ParOldGen       total 349696K, used 349693K [0x00000000e0000000, 0x00000000f5580000, 0x00000000f5580000)
  object space 349696K, 99% used [0x00000000e0000000,0x00000000f557f788,0x00000000f5580000)
 Metaspace       used 59275K, committed 60352K, reserved 1105920K
  class space    used 5860K, committed 6272K, reserved 1048576K
}
Event: 658.308 GC heap before
{Heap before GC invocations=563 (full 466):
 PSYoungGen      total 51200K, used 28160K [0x00000000f5580000, 0x00000000fa280000, 0x0000000100000000)
  eden space 28160K, 100% used [0x00000000f5580000,0x00000000f7100000,0x00000000f7100000)
  from space 23040K, 0% used [0x00000000f8c00000,0x00000000f8c00000,0x00000000fa280000)
  to   space 11776K, 0% used [0x00000000f7100000,0x00000000f7100000,0x00000000f7c80000)
 ParOldGen       total 349696K, used 349693K [0x00000000e0000000, 0x00000000f5580000, 0x00000000f5580000)
  object space 349696K, 99% used [0x00000000e0000000,0x00000000f557f788,0x00000000f5580000)
 Metaspace       used 59275K, committed 60352K, reserved 1105920K
  class space    used 5860K, committed 6272K, reserved 1048576K
}
Event: 659.611 GC heap after
{Heap after GC invocations=563 (full 466):
 PSYoungGen      total 39936K, used 28159K [0x00000000f5580000, 0x00000000fa280000, 0x0000000100000000)
  eden space 28160K, 99% used [0x00000000f5580000,0x00000000f70fffd0,0x00000000f7100000)
  from space 11776K, 0% used [0x00000000f7100000,0x00000000f7100000,0x00000000f7c80000)
  to   space 23040K, 0% used [0x00000000f8c00000,0x00000000f8c00000,0x00000000fa280000)
 ParOldGen       total 349696K, used 349693K [0x00000000e0000000, 0x00000000f5580000, 0x00000000f5580000)
  object space 349696K, 99% used [0x00000000e0000000,0x00000000f557f750,0x00000000f5580000)
 Metaspace       used 59275K, committed 60352K, reserved 1105920K
  class space    used 5860K, committed 6272K, reserved 1048576K
}
Event: 659.612 GC heap before
{Heap before GC invocations=564 (full 467):
 PSYoungGen      total 39936K, used 28159K [0x00000000f5580000, 0x00000000fa280000, 0x0000000100000000)
  eden space 28160K, 99% used [0x00000000f5580000,0x00000000f70ffff8,0x00000000f7100000)
  from space 11776K, 0% used [0x00000000f7100000,0x00000000f7100000,0x00000000f7c80000)
  to   space 23040K, 0% used [0x00000000f8c00000,0x00000000f8c00000,0x00000000fa280000)
 ParOldGen       total 349696K, used 349694K [0x00000000e0000000, 0x00000000f5580000, 0x00000000f5580000)
  object space 349696K, 99% used [0x00000000e0000000,0x00000000f557f948,0x00000000f5580000)
 Metaspace       used 59275K, committed 60352K, reserved 1105920K
  class space    used 5860K, committed 6272K, reserved 1048576K
}
Event: 661.050 GC heap after
{Heap after GC invocations=564 (full 467):
 PSYoungGen      total 51200K, used 28159K [0x00000000f5580000, 0x00000000fa280000, 0x0000000100000000)
  eden space 28160K, 99% used [0x00000000f5580000,0x00000000f70ffff8,0x00000000f7100000)
  from space 23040K, 0% used [0x00000000f8c00000,0x00000000f8c00000,0x00000000fa280000)
  to   space 11776K, 0% used [0x00000000f7100000,0x00000000f7100000,0x00000000f7c80000)
 ParOldGen       total 349696K, used 349694K [0x00000000e0000000, 0x00000000f5580000, 0x00000000f5580000)
  object space 349696K, 99% used [0x00000000e0000000,0x00000000f557f910,0x00000000f5580000)
 Metaspace       used 59275K, committed 60352K, reserved 1105920K
  class space    used 5860K, committed 6272K, reserved 1048576K
}
Event: 661.050 GC heap before
{Heap before GC invocations=565 (full 468):
 PSYoungGen      total 51200K, used 28159K [0x00000000f5580000, 0x00000000fa280000, 0x0000000100000000)
  eden space 28160K, 99% used [0x00000000f5580000,0x00000000f70ffff8,0x00000000f7100000)
  from space 23040K, 0% used [0x00000000f8c00000,0x00000000f8c00000,0x00000000fa280000)
  to   space 11776K, 0% used [0x00000000f7100000,0x00000000f7100000,0x00000000f7c80000)
 ParOldGen       total 349696K, used 349694K [0x00000000e0000000, 0x00000000f5580000, 0x00000000f5580000)
  object space 349696K, 99% used [0x00000000e0000000,0x00000000f557f910,0x00000000f5580000)
 Metaspace       used 59275K, committed 60352K, reserved 1105920K
  class space    used 5860K, committed 6272K, reserved 1048576K
}
Event: 662.313 GC heap after
{Heap after GC invocations=565 (full 468):
 PSYoungGen      total 39936K, used 28159K [0x00000000f5580000, 0x00000000fa280000, 0x0000000100000000)
  eden space 28160K, 99% used [0x00000000f5580000,0x00000000f70ffff8,0x00000000f7100000)
  from space 11776K, 0% used [0x00000000f7100000,0x00000000f7100000,0x00000000f7c80000)
  to   space 23040K, 0% used [0x00000000f8c00000,0x00000000f8c00000,0x00000000fa280000)
 ParOldGen       total 349696K, used 349694K [0x00000000e0000000, 0x00000000f5580000, 0x00000000f5580000)
  object space 349696K, 99% used [0x00000000e0000000,0x00000000f557f910,0x00000000f5580000)
 Metaspace       used 59275K, committed 60352K, reserved 1105920K
  class space    used 5860K, committed 6272K, reserved 1048576K
}
Event: 662.315 GC heap before
{Heap before GC invocations=566 (full 469):
 PSYoungGen      total 39936K, used 28159K [0x00000000f5580000, 0x00000000fa280000, 0x0000000100000000)
  eden space 28160K, 99% used [0x00000000f5580000,0x00000000f70ffff8,0x00000000f7100000)
  from space 11776K, 0% used [0x00000000f7100000,0x00000000f7100000,0x00000000f7c80000)
  to   space 23040K, 0% used [0x00000000f8c00000,0x00000000f8c00000,0x00000000fa280000)
 ParOldGen       total 349696K, used 349695K [0x00000000e0000000, 0x00000000f5580000, 0x00000000f5580000)
  object space 349696K, 99% used [0x00000000e0000000,0x00000000f557ffb0,0x00000000f5580000)
 Metaspace       used 59275K, committed 60352K, reserved 1105920K
  class space    used 5860K, committed 6272K, reserved 1048576K
}
Event: 663.739 GC heap after
{Heap after GC invocations=566 (full 469):
 PSYoungGen      total 51200K, used 28159K [0x00000000f5580000, 0x00000000fa280000, 0x0000000100000000)
  eden space 28160K, 99% used [0x00000000f5580000,0x00000000f70fffd0,0x00000000f7100000)
  from space 23040K, 0% used [0x00000000f8c00000,0x00000000f8c00000,0x00000000fa280000)
  to   space 11776K, 0% used [0x00000000f7100000,0x00000000f7100000,0x00000000f7c80000)
 ParOldGen       total 349696K, used 349694K [0x00000000e0000000, 0x00000000f5580000, 0x00000000f5580000)
  object space 349696K, 99% used [0x00000000e0000000,0x00000000f557fb28,0x00000000f5580000)
 Metaspace       used 59275K, committed 60352K, reserved 1105920K
  class space    used 5860K, committed 6272K, reserved 1048576K
}
Event: 663.794 GC heap before
{Heap before GC invocations=567 (full 470):
 PSYoungGen      total 51200K, used 28159K [0x00000000f5580000, 0x00000000fa280000, 0x0000000100000000)
  eden space 28160K, 99% used [0x00000000f5580000,0x00000000f70ffff8,0x00000000f7100000)
  from space 23040K, 0% used [0x00000000f8c00000,0x00000000f8c00000,0x00000000fa280000)
  to   space 11776K, 0% used [0x00000000f7100000,0x00000000f7100000,0x00000000f7c80000)
 ParOldGen       total 349696K, used 349695K [0x00000000e0000000, 0x00000000f5580000, 0x00000000f5580000)
  object space 349696K, 99% used [0x00000000e0000000,0x00000000f557fe20,0x00000000f5580000)
 Metaspace       used 59275K, committed 60352K, reserved 1105920K
  class space    used 5860K, committed 6272K, reserved 1048576K
}
Event: 665.108 GC heap after
{Heap after GC invocations=567 (full 470):
 PSYoungGen      total 39936K, used 28159K [0x00000000f5580000, 0x00000000fa280000, 0x0000000100000000)
  eden space 28160K, 99% used [0x00000000f5580000,0x00000000f70ffff8,0x00000000f7100000)
  from space 11776K, 0% used [0x00000000f7100000,0x00000000f7100000,0x00000000f7c80000)
  to   space 23040K, 0% used [0x00000000f8c00000,0x00000000f8c00000,0x00000000fa280000)
 ParOldGen       total 349696K, used 349695K [0x00000000e0000000, 0x00000000f5580000, 0x00000000f5580000)
  object space 349696K, 99% used [0x00000000e0000000,0x00000000f557fd20,0x00000000f5580000)
 Metaspace       used 59275K, committed 60352K, reserved 1105920K
  class space    used 5860K, committed 6272K, reserved 1048576K
}
Event: 665.110 GC heap before
{Heap before GC invocations=568 (full 471):
 PSYoungGen      total 39936K, used 28159K [0x00000000f5580000, 0x00000000fa280000, 0x0000000100000000)
  eden space 28160K, 99% used [0x00000000f5580000,0x00000000f70ffff8,0x00000000f7100000)
  from space 11776K, 0% used [0x00000000f7100000,0x00000000f7100000,0x00000000f7c80000)
  to   space 23040K, 0% used [0x00000000f8c00000,0x00000000f8c00000,0x00000000fa280000)
 ParOldGen       total 349696K, used 349695K [0x00000000e0000000, 0x00000000f5580000, 0x00000000f5580000)
  object space 349696K, 99% used [0x00000000e0000000,0x00000000f557ff98,0x00000000f5580000)
 Metaspace       used 59275K, committed 60352K, reserved 1105920K
  class space    used 5860K, committed 6272K, reserved 1048576K
}
Event: 666.483 GC heap after
{Heap after GC invocations=568 (full 471):
 PSYoungGen      total 51200K, used 28159K [0x00000000f5580000, 0x00000000fa280000, 0x0000000100000000)
  eden space 28160K, 99% used [0x00000000f5580000,0x00000000f70ffff8,0x00000000f7100000)
  from space 23040K, 0% used [0x00000000f8c00000,0x00000000f8c00000,0x00000000fa280000)
  to   space 11776K, 0% used [0x00000000f7100000,0x00000000f7100000,0x00000000f7c80000)
 ParOldGen       total 349696K, used 349695K [0x00000000e0000000, 0x00000000f5580000, 0x00000000f5580000)
  object space 349696K, 99% used [0x00000000e0000000,0x00000000f557fd38,0x00000000f5580000)
 Metaspace       used 59275K, committed 60352K, reserved 1105920K
  class space    used 5860K, committed 6272K, reserved 1048576K
}
Event: 666.483 GC heap before
{Heap before GC invocations=569 (full 472):
 PSYoungGen      total 51200K, used 28159K [0x00000000f5580000, 0x00000000fa280000, 0x0000000100000000)
  eden space 28160K, 99% used [0x00000000f5580000,0x00000000f70ffff8,0x00000000f7100000)
  from space 23040K, 0% used [0x00000000f8c00000,0x00000000f8c00000,0x00000000fa280000)
  to   space 11776K, 0% used [0x00000000f7100000,0x00000000f7100000,0x00000000f7c80000)
 ParOldGen       total 349696K, used 349695K [0x00000000e0000000, 0x00000000f5580000, 0x00000000f5580000)
  object space 349696K, 99% used [0x00000000e0000000,0x00000000f557fd38,0x00000000f5580000)
 Metaspace       used 59275K, committed 60352K, reserved 1105920K
  class space    used 5860K, committed 6272K, reserved 1048576K
}
Event: 667.965 GC heap after
{Heap after GC invocations=569 (full 472):
 PSYoungGen      total 39936K, used 28159K [0x00000000f5580000, 0x00000000fa280000, 0x0000000100000000)
  eden space 28160K, 99% used [0x00000000f5580000,0x00000000f70ffff8,0x00000000f7100000)
  from space 11776K, 0% used [0x00000000f7100000,0x00000000f7100000,0x00000000f7c80000)
  to   space 23040K, 0% used [0x00000000f8c00000,0x00000000f8c00000,0x00000000fa280000)
 ParOldGen       total 349696K, used 349695K [0x00000000e0000000, 0x00000000f5580000, 0x00000000f5580000)
  object space 349696K, 99% used [0x00000000e0000000,0x00000000f557fd38,0x00000000f5580000)
 Metaspace       used 59275K, committed 60352K, reserved 1105920K
  class space    used 5860K, committed 6272K, reserved 1048576K
}
Event: 667.966 GC heap before
{Heap before GC invocations=570 (full 473):
 PSYoungGen      total 39936K, used 28159K [0x00000000f5580000, 0x00000000fa280000, 0x0000000100000000)
  eden space 28160K, 99% used [0x00000000f5580000,0x00000000f70ffff8,0x00000000f7100000)
  from space 11776K, 0% used [0x00000000f7100000,0x00000000f7100000,0x00000000f7c80000)
  to   space 23040K, 0% used [0x00000000f8c00000,0x00000000f8c00000,0x00000000fa280000)
 ParOldGen       total 349696K, used 349695K [0x00000000e0000000, 0x00000000f5580000, 0x00000000f5580000)
  object space 349696K, 99% used [0x00000000e0000000,0x00000000f557fda0,0x00000000f5580000)
 Metaspace       used 59275K, committed 60352K, reserved 1105920K
  class space    used 5860K, committed 6272K, reserved 1048576K
}
Event: 669.481 GC heap after
{Heap after GC invocations=570 (full 473):
 PSYoungGen      total 51200K, used 28159K [0x00000000f5580000, 0x00000000fa280000, 0x0000000100000000)
  eden space 28160K, 99% used [0x00000000f5580000,0x00000000f70ffff8,0x00000000f7100000)
  from space 23040K, 0% used [0x00000000f8c00000,0x00000000f8c00000,0x00000000fa280000)
  to   space 11776K, 0% used [0x00000000f7100000,0x00000000f7100000,0x00000000f7c80000)
 ParOldGen       total 349696K, used 349695K [0x00000000e0000000, 0x00000000f5580000, 0x00000000f5580000)
  object space 349696K, 99% used [0x00000000e0000000,0x00000000f557fd78,0x00000000f5580000)
 Metaspace       used 59275K, committed 60352K, reserved 1105920K
  class space    used 5860K, committed 6272K, reserved 1048576K
}
Event: 669.481 GC heap before
{Heap before GC invocations=571 (full 474):
 PSYoungGen      total 51200K, used 28159K [0x00000000f5580000, 0x00000000fa280000, 0x0000000100000000)
  eden space 28160K, 99% used [0x00000000f5580000,0x00000000f70ffff8,0x00000000f7100000)
  from space 23040K, 0% used [0x00000000f8c00000,0x00000000f8c00000,0x00000000fa280000)
  to   space 11776K, 0% used [0x00000000f7100000,0x00000000f7100000,0x00000000f7c80000)
 ParOldGen       total 349696K, used 349695K [0x00000000e0000000, 0x00000000f5580000, 0x00000000f5580000)
  object space 349696K, 99% used [0x00000000e0000000,0x00000000f557fd78,0x00000000f5580000)
 Metaspace       used 59275K, committed 60352K, reserved 1105920K
  class space    used 5860K, committed 6272K, reserved 1048576K
}
Event: 670.942 GC heap after
{Heap after GC invocations=571 (full 474):
 PSYoungGen      total 39936K, used 28159K [0x00000000f5580000, 0x00000000fa280000, 0x0000000100000000)
  eden space 28160K, 99% used [0x00000000f5580000,0x00000000f70ffff8,0x00000000f7100000)
  from space 11776K, 0% used [0x00000000f7100000,0x00000000f7100000,0x00000000f7c80000)
  to   space 23040K, 0% used [0x00000000f8c00000,0x00000000f8c00000,0x00000000fa280000)
 ParOldGen       total 349696K, used 349695K [0x00000000e0000000, 0x00000000f5580000, 0x00000000f5580000)
  object space 349696K, 99% used [0x00000000e0000000,0x00000000f557fd78,0x00000000f5580000)
 Metaspace       used 59275K, committed 60352K, reserved 1105920K
  class space    used 5860K, committed 6272K, reserved 1048576K
}

